#
# A fatal error has been detected by the Java Runtime Environment:
#
#  EXCEPTION_ACCESS_VIOLATION (0xc0000005) at pc=0x0000000057f2ec98, pid=4576, tid=0x0000000000001a90
#
# JRE version: Java(TM) SE Runtime Environment (8.0_161-b12) (build 1.8.0_161-b12)
# Java VM: Java HotSpot(TM) 64-Bit Server VM (25.161-b12 mixed mode windows-amd64 compressed oops)
# Problematic frame:
# V  [jvm.dll+0x15ec98]
#
# Failed to write core dump. Minidumps are not enabled by default on client versions of Windows
#
# If you would like to submit a bug report, please visit:
#   http://bugreport.java.com/bugreport/crash.jsp
#

---------------  T H R E A D  ---------------

Current thread (0x0000000002d5e800):  JavaThread "main" [_thread_in_vm, id=6800, stack(0x0000000002e00000,0x0000000002f00000)]

siginfo: ExceptionCode=0xc0000005, reading address 0x0000000000000000

Registers:
RAX=0x0000000000000000, RBX=0x0000000002d5e800, RCX=0x0000000000000e80, RDX=0x0000000000000000
RSP=0x0000000002eff0c0, RBP=0x0000000002d5e9f8, RSI=0x0000000000000000, RDI=0x0000000000000000
R8 =0x0000000000000000, R9 =0x0000000000000000, R10=0x0000000003018c3b, R11=0x0000000057ffbcb0
R12=0x0000000000000000, R13=0x00000000179d09a8, R14=0x0000000002eff2c8, R15=0x0000000002d5e800
RIP=0x0000000057f2ec98, EFLAGS=0x0000000000010246

Top of Stack: (sp=0x0000000002eff0c0)
0x0000000002eff0c0:   0000000002d588e0 0000000057faba11
0x0000000002eff0d0:   0000000002f02090 0000000002eff1f0
0x0000000002eff0e0:   0000000002eff160 0000000002f02090
0x0000000002eff0f0:   0000000002d5e800 0000000000000000
0x0000000002eff100:   00000000179d09a8 0000000002d5e800
0x0000000002eff110:   0000000002d5e800 0000000002eff2c8
0x0000000002eff120:   0000e84db3b35374 0000000000000000
0x0000000002eff130:   000000000300835d 0000000000000031
0x0000000002eff140:   0000000002eff170 0000000062402ee2
0x0000000002eff150:   0000000002d5e800 0000000002eff1c0
0x0000000002eff160:   00000000179d09a8 00000000179d09a8
0x0000000002eff170:   0000000002eff200 0000000062401421
0x0000000002eff180:   0000000002d5e9f8 0000000000000000
0x0000000002eff190:   0000000000000000 0000000057e8b936
0x0000000002eff1a0:   0000000002eff548 0000000002eff2b8
0x0000000002eff1b0:   000000000000000e 0000000002d5e800 

Instructions: (pc=0x0000000057f2ec98)
0x0000000057f2ec78:   00 48 83 7b 08 00 48 89 5c 24 30 48 c7 44 24 38
0x0000000057f2ec88:   00 00 00 00 74 0a 48 8d 4c 24 30 e8 18 d3 11 00
0x0000000057f2ec98:   48 8b 0e 85 ff 0f 88 d3 00 00 00 80 3d 37 18 6b
0x0000000057f2eca8:   00 00 b8 10 00 00 00 ba 0c 00 00 00 0f 45 c2 48 


Register to memory mapping:

RAX=0x0000000000000000 is an unknown value
RBX=0x0000000002d5e800 is a thread
RCX=0x0000000000000e80 is an unknown value
RDX=0x0000000000000000 is an unknown value
RSP=0x0000000002eff0c0 is pointing into the stack for thread: 0x0000000002d5e800
RBP=0x0000000002d5e9f8 is an unknown value
RSI=0x0000000000000000 is an unknown value
RDI=0x0000000000000000 is an unknown value
R8 =0x0000000000000000 is an unknown value
R9 =0x0000000000000000 is an unknown value
R10=0x0000000003018c3b is at code_begin+891 in an Interpreter codelet
method entry point (kind = native)  [0x00000000030188c0, 0x0000000003019280]  2496 bytes
R11=0x0000000057ffbcb0 is an unknown value
R12=0x0000000000000000 is an unknown value
R13={method} {0x00000000179d09b0} 'multi01' '([Ljava/lang/Double;[Ljava/lang/Double;)Ljava/lang/Double;' in 'lab_05/Main'
R14=0x0000000002eff2c8 is pointing into the stack for thread: 0x0000000002d5e800
R15=0x0000000002d5e800 is a thread


Stack: [0x0000000002e00000,0x0000000002f00000],  sp=0x0000000002eff0c0,  free space=1020k
Native frames: (J=compiled Java code, j=interpreted, Vv=VM code, C=native code)
V  [jvm.dll+0x15ec98]
C  [hello.dll+0x2ee2]
C  [hello.dll+0x1421]
C  0x0000000003018c67

Java frames: (J=compiled Java code, j=interpreted, Vv=VM code)
j  lab_05.Main.multi01([Ljava/lang/Double;[Ljava/lang/Double;)Ljava/lang/Double;+0
j  lab_05.Main.main([Ljava/lang/String;)V+86
v  ~StubRoutines::call_stub

---------------  P R O C E S S  ---------------

Java Threads: ( => current thread )
  0x0000000019f22800 JavaThread "Service Thread" daemon [_thread_blocked, id=14176, stack(0x000000001aab0000,0x000000001abb0000)]
  0x0000000019edb000 JavaThread "C1 CompilerThread3" daemon [_thread_blocked, id=5448, stack(0x000000001a9b0000,0x000000001aab0000)]
  0x0000000019ed5800 JavaThread "C2 CompilerThread2" daemon [_thread_blocked, id=13440, stack(0x000000001a8b0000,0x000000001a9b0000)]
  0x0000000019ed1800 JavaThread "C2 CompilerThread1" daemon [_thread_blocked, id=13824, stack(0x000000001a7b0000,0x000000001a8b0000)]
  0x0000000019ece000 JavaThread "C2 CompilerThread0" daemon [_thread_blocked, id=1420, stack(0x000000001a6b0000,0x000000001a7b0000)]
  0x0000000019ecb000 JavaThread "Attach Listener" daemon [_thread_blocked, id=10640, stack(0x000000001a5b0000,0x000000001a6b0000)]
  0x0000000019eca000 JavaThread "Signal Dispatcher" daemon [_thread_blocked, id=3208, stack(0x000000001a4b0000,0x000000001a5b0000)]
  0x0000000019ec0800 JavaThread "Finalizer" daemon [_thread_blocked, id=1644, stack(0x000000001a2a0000,0x000000001a3a0000)]
  0x0000000017fbd800 JavaThread "Reference Handler" daemon [_thread_blocked, id=2504, stack(0x0000000019da0000,0x0000000019ea0000)]
=>0x0000000002d5e800 JavaThread "main" [_thread_in_vm, id=6800, stack(0x0000000002e00000,0x0000000002f00000)]

Other Threads:
  0x0000000017fb9000 VMThread [stack: 0x0000000019ca0000,0x0000000019da0000] [id=13356]
  0x0000000019f24800 WatcherThread [stack: 0x000000001abb0000,0x000000001acb0000] [id=1400]

VM state:not at safepoint (normal execution)

VM Mutex/Monitor currently owned by a thread: None

Heap:
 PSYoungGen      total 38400K, used 1331K [0x00000000d5c00000, 0x00000000d8680000, 0x0000000100000000)
  eden space 33280K, 4% used [0x00000000d5c00000,0x00000000d5d4cce8,0x00000000d7c80000)
  from space 5120K, 0% used [0x00000000d8180000,0x00000000d8180000,0x00000000d8680000)
  to   space 5120K, 0% used [0x00000000d7c80000,0x00000000d7c80000,0x00000000d8180000)
 ParOldGen       total 87552K, used 0K [0x0000000081400000, 0x0000000086980000, 0x00000000d5c00000)
  object space 87552K, 0% used [0x0000000081400000,0x0000000081400000,0x0000000086980000)
 Metaspace       used 2660K, capacity 4490K, committed 4864K, reserved 1056768K
  class space    used 290K, capacity 386K, committed 512K, reserved 1048576K

Card table byte_map: [0x00000000123c0000,0x00000000127c0000] byte_map_base: 0x0000000011fb6000

Marking Bits: (ParMarkBitMap*) 0x00000000585ef860
 Begin Bits: [0x0000000013270000, 0x0000000015220000)
 End Bits:   [0x0000000015220000, 0x00000000171d0000)

Polling page: 0x0000000002ce0000

CodeCache: size=245760Kb used=1123Kb max_used=1132Kb free=244636Kb
 bounds [0x0000000003000000, 0x0000000003270000, 0x0000000012000000]
 total_blobs=260 nmethods=29 adapters=144
 compilation: enabled

Compilation events (10 events):
Event: 0.118 Thread 0x0000000019edb000   21       3       java.util.HashMap::hash (20 bytes)
Event: 0.118 Thread 0x0000000019edb000 nmethod 21 0x00000000031163d0 code [0x0000000003116540, 0x0000000003116788]
Event: 0.118 Thread 0x0000000019edb000   26       3       java.util.HashMap::getNode (148 bytes)
Event: 0.119 Thread 0x0000000019ece000 nmethod 28 0x0000000003119510 code [0x0000000003119660, 0x0000000003119718]
Event: 0.119 Thread 0x0000000019edb000 nmethod 26 0x00000000031186d0 code [0x00000000031188a0, 0x0000000003119248]
Event: 0.119 Thread 0x0000000019edb000   23       3       java.util.HashMap::get (23 bytes)
Event: 0.119 Thread 0x0000000019edb000 nmethod 23 0x0000000003117fd0 code [0x0000000003118160, 0x0000000003118558]
Event: 0.119 Thread 0x0000000019ed5800 nmethod 22 0x000000000311b150 code [0x000000000311b2a0, 0x000000000311b4f8]
Event: 0.128 Thread 0x0000000019edb000   29       3       java.lang.System::getSecurityManager (4 bytes)
Event: 0.128 Thread 0x0000000019edb000 nmethod 29 0x0000000003117550 code [0x00000000031176a0, 0x00000000031177d0]

GC Heap History (0 events):
No events

Deoptimization events (0 events):
No events

Classes redefined (0 events):
No events

Internal exceptions (2 events):
Event: 0.045 Thread 0x0000000002d5e800 Exception <a 'java/lang/NoSuchMethodError': Method sun.misc.Unsafe.defineClass(Ljava/lang/String;[BII)Ljava/lang/Class; name or signature does not match> (0x00000000d5c07ca0) thrown at [C:\re\workspace\8-2-build-windows-amd64-cygwin\jdk8u161\10277\hotspot
Event: 0.045 Thread 0x0000000002d5e800 Exception <a 'java/lang/NoSuchMethodError': Method sun.misc.Unsafe.prefetchRead(Ljava/lang/Object;J)V name or signature does not match> (0x00000000d5c07f88) thrown at [C:\re\workspace\8-2-build-windows-amd64-cygwin\jdk8u161\10277\hotspot\src\share\vm\prim

Events (10 events):
Event: 0.125 loading class java/security/BasicPermissionCollection
Event: 0.125 loading class java/security/BasicPermissionCollection done
Event: 0.126 loading class sun/launcher/LauncherHelper$FXHelper
Event: 0.126 loading class sun/launcher/LauncherHelper$FXHelper done
Event: 0.126 loading class java/lang/Class$MethodArray
Event: 0.126 loading class java/lang/Class$MethodArray done
Event: 0.126 loading class java/lang/Void
Event: 0.126 loading class java/lang/Void done
Event: 0.127 loading class java/lang/ClassLoaderHelper
Event: 0.127 loading class java/lang/ClassLoaderHelper done


Dynamic libraries:
0x00007ff74f4c0000 - 0x00007ff74f4f7000 	C:\Program Files\Java\jdk1.8.0_161\bin\javaw.exe
0x00007ff8c5770000 - 0x00007ff8c5951000 	C:\WINDOWS\SYSTEM32\ntdll.dll
0x00007ff8ac3b0000 - 0x00007ff8ac3c2000 	C:\Program Files\AVAST Software\Avast\aswhook.dll
0x00007ff8c30f0000 - 0x00007ff8c31a2000 	C:\WINDOWS\System32\KERNEL32.DLL
0x00007ff8c2180000 - 0x00007ff8c23f3000 	C:\WINDOWS\System32\KERNELBASE.dll
0x00007ff8c2cb0000 - 0x00007ff8c2d51000 	C:\WINDOWS\System32\ADVAPI32.dll
0x00007ff8c2c10000 - 0x00007ff8c2cae000 	C:\WINDOWS\System32\msvcrt.dll
0x00007ff8c56e0000 - 0x00007ff8c573b000 	C:\WINDOWS\System32\sechost.dll
0x00007ff8c4790000 - 0x00007ff8c48b4000 	C:\WINDOWS\System32\RPCRT4.dll
0x00007ff8c4a40000 - 0x00007ff8c4bd0000 	C:\WINDOWS\System32\USER32.dll
0x00007ff8c2b10000 - 0x00007ff8c2b30000 	C:\WINDOWS\System32\win32u.dll
0x00007ff8c4690000 - 0x00007ff8c46b8000 	C:\WINDOWS\System32\GDI32.dll
0x00007ff8c1f40000 - 0x00007ff8c20d2000 	C:\WINDOWS\System32\gdi32full.dll
0x00007ff8c20e0000 - 0x00007ff8c217f000 	C:\WINDOWS\System32\msvcp_win.dll
0x00007ff8c1c50000 - 0x00007ff8c1d48000 	C:\WINDOWS\System32\ucrtbase.dll
0x00007ff8b3540000 - 0x00007ff8b37a9000 	C:\WINDOWS\WinSxS\amd64_microsoft.windows.common-controls_6595b64144ccf1df_6.0.17134.648_none_fb45a0e93062a6d2\COMCTL32.dll
0x00007ff8c5200000 - 0x00007ff8c5522000 	C:\WINDOWS\System32\combase.dll
0x00007ff8c2b80000 - 0x00007ff8c2bfa000 	C:\WINDOWS\System32\bcryptPrimitives.dll
0x00007ff8c4920000 - 0x00007ff8c494d000 	C:\WINDOWS\System32\IMM32.DLL
0x0000000059dc0000 - 0x0000000059e92000 	C:\Program Files\Java\jdk1.8.0_161\jre\bin\msvcr100.dll
0x0000000057dd0000 - 0x000000005866f000 	C:\Program Files\Java\jdk1.8.0_161\jre\bin\server\jvm.dll
0x00007ff8c2c00000 - 0x00007ff8c2c08000 	C:\WINDOWS\System32\PSAPI.DLL
0x00007ff8b4b30000 - 0x00007ff8b4b39000 	C:\WINDOWS\SYSTEM32\WSOCK32.dll
0x00007ff8c46c0000 - 0x00007ff8c472c000 	C:\WINDOWS\System32\WS2_32.dll
0x00007ff8bd9c0000 - 0x00007ff8bd9e3000 	C:\WINDOWS\SYSTEM32\WINMM.dll
0x00007ff8badd0000 - 0x00007ff8badda000 	C:\WINDOWS\SYSTEM32\VERSION.dll
0x00007ff8bd990000 - 0x00007ff8bd9ba000 	C:\WINDOWS\SYSTEM32\WINMMBASE.dll
0x00007ff8c2b30000 - 0x00007ff8c2b79000 	C:\WINDOWS\System32\cfgmgr32.dll
0x0000000059db0000 - 0x0000000059dbf000 	C:\Program Files\Java\jdk1.8.0_161\jre\bin\verify.dll
0x0000000059d80000 - 0x0000000059da9000 	C:\Program Files\Java\jdk1.8.0_161\jre\bin\java.dll
0x0000000059d60000 - 0x0000000059d76000 	C:\Program Files\Java\jdk1.8.0_161\jre\bin\zip.dll
0x00007ff8c31b0000 - 0x00007ff8c45f0000 	C:\WINDOWS\System32\SHELL32.dll
0x00007ff8c2d60000 - 0x00007ff8c2e09000 	C:\WINDOWS\System32\shcore.dll
0x00007ff8c2400000 - 0x00007ff8c2b0d000 	C:\WINDOWS\System32\windows.storage.dll
0x00007ff8c48c0000 - 0x00007ff8c4911000 	C:\WINDOWS\System32\shlwapi.dll
0x00007ff8c1a80000 - 0x00007ff8c1a91000 	C:\WINDOWS\System32\kernel.appcore.dll
0x00007ff8c1ad0000 - 0x00007ff8c1aef000 	C:\WINDOWS\System32\profapi.dll
0x00007ff8c1af0000 - 0x00007ff8c1b3c000 	C:\WINDOWS\System32\powrprof.dll
0x00007ff8c1aa0000 - 0x00007ff8c1aaa000 	C:\WINDOWS\System32\FLTLIB.DLL
0x0000000062400000 - 0x0000000062414000 	C:\Users\LENOVO\eclipse-workspace\lab_05\src\lab_05\hello.dll
0x000000006fc40000 - 0x000000006fda5000 	C:\PROGRAM FILES\MINGW-W64\X86_64-7.3.0-POSIX-SEH-RT_V5-REV0\MINGW64\BIN\libstdc++-6.dll
0x0000000061440000 - 0x000000006145a000 	C:\PROGRAM FILES\MINGW-W64\X86_64-7.3.0-POSIX-SEH-RT_V5-REV0\MINGW64\BIN\libgcc_s_seh-1.dll
0x0000000064940000 - 0x0000000064955000 	C:\PROGRAM FILES\MINGW-W64\X86_64-7.3.0-POSIX-SEH-RT_V5-REV0\MINGW64\BIN\libwinpthread-1.dll
0x00007ff8b2db0000 - 0x00007ff8b2f79000 	C:\WINDOWS\SYSTEM32\dbghelp.dll

VM Arguments:
jvm_args: -Djava.library.path=C:\Users\LENOVO\eclipse-workspace\lab_05\src\lab_05 -Dfile.encoding=Cp1250 
java_command: lab_05.Main
java_class_path (initial): C:\Users\LENOVO\eclipse-workspace\lab_05\bin
Launcher Type: SUN_STANDARD

Environment Variables:
JAVA_HOME=C:\Program Files\Java\jdk1.8.0_161
JRE_HOME=C:\Program Files\Java\jre1.8.0_171
PATH=C:/Program Files/Java/jre1.8.0_171/bin/server;C:/Program Files/Java/jre1.8.0_171/bin;C:/Program Files/Java/jre1.8.0_171/lib/amd64;C:\PROGRAM FILES (X86)\COMMON FILES\ORACLE\JAVA\JAVAPATH;C:\PROGRAMDATA\ORACLE\JAVA\JAVAPATH;C:\WINDOWS\SYSTEM32;C:\WINDOWS;C:\WINDOWS\SYSTEM32\WBEM;C:\WINDOWS\SYSTEM32\WINDOWSPOWERSHELL\V1.0\;C:\PROGRAM FILES (X86)\NVIDIA CORPORATION\PHYSX\COMMON;C:\Users\LENOVO\.DNX\BIN;C:\PROGRAM FILES\MICROSOFT DNX\DNVM\;C:\PROGRAM FILES\MICROSOFT SQL SERVER\120\TOOLS\BINN\;C:\PROGRAM FILES\MICROSOFT SQL SERVER\130\TOOLS\BINN\;C:\PROGRAM FILES\PUTTY\;C:\PROGRAM FILES (X86)\WINDOWS KITS\10\WINDOWS PERFORMANCE TOOLKIT\;C:\PROGRAM FILES\GIT\CMD;C:\PROGRAM FILES\JAVA\JDK1.8.0_161\BIN;C:\USERS\LENOVO\PYCHARMPROJECTS\GECKODRIVER.;C:\CYGWIN64\BIN;C:\PROGRAM FILES\MINGW-W64\X86_64-7.3.0-POSIX-SEH-RT_V5-REV0\MINGW64\BIN;C:\PROGRAM FILES\JAVA\JDK1.8.0_171\INCLUDE;C:\PROGRAM FILES\JAVA\JDK1.8.0_171\INCLUDE\WIN32;C:\WINDOWS\SYSTEM32;C:\WINDOWS;C:\WINDOWS\SYSTEM32\WBEM;C:\WINDOWS\SYSTEM32\WINDOWSPOWERSHELL\V1.0\;C:\WINDOWS\SYSTEM32\OPENSSH\;C:\PROGRAM FILES\PYTHON36;C:\PROGRAM FILES\PYTHON36\SCRIPTS;C:\Program Files\apache-maven-3.5.3\BIN;C:\PROGRAM FILES\JAVA\JRE1.8.0_171;C:\USERS\LENOVO\PYCHARMPROJECTS\APACHE-JMETER-4.0\APACHE-JMETER-4.0;C:\PROGRAM FILES\NODEJS\;C:\Program Files\Lenovo\Bluetooth Software\;C:\Program Files\Lenovo\Bluetooth Software\syswow64;C:\Users\LENOVO\eclipse-workspace\lab_05\src\lab_05;C:\Users\LENOVO\AppData\Local\Microsoft\WindowsApps;C:\Users\LENOVO\AppData\Local\GitHubDesktop\bin;C:\Users\LENOVO\AppData\Local\Programs\Microsoft VS Code\bin;C:\Users\LENOVO\AppData\Roaming\npm;C:\WINDOWS\system32;
USERNAME=LENOVO
OS=Windows_NT
PROCESSOR_IDENTIFIER=Intel64 Family 6 Model 60 Stepping 3, GenuineIntel



---------------  S Y S T E M  ---------------

OS: Windows 10.0 , 64 bit Build 17134 (10.0.17134.648)

CPU:total 8 (initial active 8) (4 cores per cpu, 2 threads per core) family 6 model 60 stepping 3, cmov, cx8, fxsr, mmx, sse, sse2, sse3, ssse3, sse4.1, sse4.2, popcnt, avx, avx2, aes, clmul, erms, lzcnt, ht, tsc, tscinvbit, bmi1, bmi2

Memory: 4k page, physical 8298776k(3086596k free), swap 16163096k(8935828k free)

vm_info: Java HotSpot(TM) 64-Bit Server VM (25.161-b12) for windows-amd64 JRE (1.8.0_161-b12), built on Dec 19 2017 17:52:25 by "java_re" with MS VC++ 10.0 (VS2010)

time: Mon Apr 01 09:30:21 2019
elapsed time: 0 seconds (0d 0h 0m 0s)

